Started GET "/" for ::1 at 2020-05-20 05:28:54 +0300
  
ActiveRecord::NoDatabaseError (FATAL:  database "kitui_development" does not exist
):
  
activerecord (5.2.4.1) lib/active_record/connection_adapters/postgresql_adapter.rb:696:in `rescue in connect'
activerecord (5.2.4.1) lib/active_record/connection_adapters/postgresql_adapter.rb:691:in `connect'
activerecord (5.2.4.1) lib/active_record/connection_adapters/postgresql_adapter.rb:223:in `initialize'
activerecord (5.2.4.1) lib/active_record/connection_adapters/postgresql_adapter.rb:48:in `new'
activerecord (5.2.4.1) lib/active_record/connection_adapters/postgresql_adapter.rb:48:in `postgresql_connection'
activerecord (5.2.4.1) lib/active_record/connection_adapters/abstract/connection_pool.rb:830:in `new_connection'
activerecord (5.2.4.1) lib/active_record/connection_adapters/abstract/connection_pool.rb:874:in `checkout_new_connection'
activerecord (5.2.4.1) lib/active_record/connection_adapters/abstract/connection_pool.rb:853:in `try_to_checkout_new_connection'
activerecord (5.2.4.1) lib/active_record/connection_adapters/abstract/connection_pool.rb:814:in `acquire_connection'
activerecord (5.2.4.1) lib/active_record/connection_adapters/abstract/connection_pool.rb:538:in `checkout'
activerecord (5.2.4.1) lib/active_record/connection_adapters/abstract/connection_pool.rb:382:in `connection'
activerecord (5.2.4.1) lib/active_record/connection_adapters/abstract/connection_pool.rb:1033:in `retrieve_connection'
activerecord (5.2.4.1) lib/active_record/connection_handling.rb:118:in `retrieve_connection'
activerecord (5.2.4.1) lib/active_record/connection_handling.rb:90:in `connection'
activerecord (5.2.4.1) lib/active_record/migration.rb:554:in `call'
actionpack (5.2.4.1) lib/action_dispatch/middleware/callbacks.rb:28:in `block in call'
activesupport (5.2.4.1) lib/active_support/callbacks.rb:98:in `run_callbacks'
actionpack (5.2.4.1) lib/action_dispatch/middleware/callbacks.rb:26:in `call'
actionpack (5.2.4.1) lib/action_dispatch/middleware/executor.rb:14:in `call'
actionpack (5.2.4.1) lib/action_dispatch/middleware/debug_exceptions.rb:61:in `call'
web-console (3.7.0) lib/web_console/middleware.rb:135:in `call_app'
web-console (3.7.0) lib/web_console/middleware.rb:30:in `block in call'
web-console (3.7.0) lib/web_console/middleware.rb:20:in `catch'
web-console (3.7.0) lib/web_console/middleware.rb:20:in `call'
actionpack (5.2.4.1) lib/action_dispatch/middleware/show_exceptions.rb:33:in `call'
railties (5.2.4.1) lib/rails/rack/logger.rb:38:in `call_app'
railties (5.2.4.1) lib/rails/rack/logger.rb:26:in `block in call'
activesupport (5.2.4.1) lib/active_support/tagged_logging.rb:71:in `block in tagged'
activesupport (5.2.4.1) lib/active_support/tagged_logging.rb:28:in `tagged'
activesupport (5.2.4.1) lib/active_support/tagged_logging.rb:71:in `tagged'
railties (5.2.4.1) lib/rails/rack/logger.rb:26:in `call'
sprockets-rails (3.2.1) lib/sprockets/rails/quiet_assets.rb:13:in `call'
actionpack (5.2.4.1) lib/action_dispatch/middleware/remote_ip.rb:81:in `call'
actionpack (5.2.4.1) lib/action_dispatch/middleware/request_id.rb:27:in `call'
rack (2.2.2) lib/rack/method_override.rb:24:in `call'
rack (2.2.2) lib/rack/runtime.rb:22:in `call'
activesupport (5.2.4.1) lib/active_support/cache/strategy/local_cache_middleware.rb:29:in `call'
actionpack (5.2.4.1) lib/action_dispatch/middleware/executor.rb:14:in `call'
actionpack (5.2.4.1) lib/action_dispatch/middleware/static.rb:127:in `call'
rack (2.2.2) lib/rack/sendfile.rb:110:in `call'
railties (5.2.4.1) lib/rails/engine.rb:524:in `call'
puma (3.12.2) lib/puma/configuration.rb:227:in `call'
puma (3.12.2) lib/puma/server.rb:674:in `handle_request'
puma (3.12.2) lib/puma/server.rb:476:in `process_client'
puma (3.12.2) lib/puma/server.rb:334:in `block in run'
puma (3.12.2) lib/puma/thread_pool.rb:135:in `block in spawn_thread'
  [1m[35m (411.8ms)[0m  [1m[35mCREATE DATABASE "kitui_development" ENCODING = 'unicode'[0m
  ↳ bin/rails:9
  [1m[35m (136.2ms)[0m  [1m[35mCREATE DATABASE "kitui_test" ENCODING = 'unicode'[0m
  ↳ bin/rails:9
  [1m[35m (42.1ms)[0m  [1m[35mCREATE TABLE "schema_migrations" ("version" character varying NOT NULL PRIMARY KEY)[0m
  ↳ bin/rails:9
  [1m[35m (12.9ms)[0m  [1m[35mCREATE TABLE "ar_internal_metadata" ("key" character varying NOT NULL PRIMARY KEY, "value" character varying, "created_at" timestamp NOT NULL, "updated_at" timestamp NOT NULL)[0m
  ↳ bin/rails:9
  [1m[35m (3.4ms)[0m  [1m[34mSELECT pg_try_advisory_lock(3498812665074434610)[0m
  ↳ bin/rails:9
  [1m[35m (0.7ms)[0m  [1m[34mSELECT "schema_migrations"."version" FROM "schema_migrations" ORDER BY "schema_migrations"."version" ASC[0m
  ↳ bin/rails:9
Migrating to CreateCourses (20200224102149)
  [1m[35m (0.2ms)[0m  [1m[35mBEGIN[0m
  ↳ bin/rails:9
  [1m[35m (45.8ms)[0m  [1m[35mCREATE TABLE "courses" ("id" bigserial primary key, "created_at" timestamp NOT NULL, "updated_at" timestamp NOT NULL)[0m
  ↳ db/migrate/20200224102149_create_courses.rb:3
  [1m[36mActiveRecord::SchemaMigration Create (0.6ms)[0m  [1m[32mINSERT INTO "schema_migrations" ("version") VALUES ($1) RETURNING "version"[0m  [["version", "20200224102149"]]
  ↳ bin/rails:9
  [1m[35m (2.1ms)[0m  [1m[35mCOMMIT[0m
  ↳ bin/rails:9
  [1m[36mActiveRecord::InternalMetadata Load (0.6ms)[0m  [1m[34mSELECT  "ar_internal_metadata".* FROM "ar_internal_metadata" WHERE "ar_internal_metadata"."key" = $1 LIMIT $2[0m  [["key", "environment"], ["LIMIT", 1]]
  ↳ bin/rails:9
  [1m[35m (0.2ms)[0m  [1m[35mBEGIN[0m
  ↳ bin/rails:9
  [1m[36mActiveRecord::InternalMetadata Create (1.0ms)[0m  [1m[32mINSERT INTO "ar_internal_metadata" ("key", "value", "created_at", "updated_at") VALUES ($1, $2, $3, $4) RETURNING "key"[0m  [["key", "environment"], ["value", "development"], ["created_at", "2020-05-20 02:29:44.609344"], ["updated_at", "2020-05-20 02:29:44.609344"]]
  ↳ bin/rails:9
  [1m[35m (2.9ms)[0m  [1m[35mCOMMIT[0m
  ↳ bin/rails:9
  [1m[35m (0.3ms)[0m  [1m[34mSELECT pg_advisory_unlock(3498812665074434610)[0m
  ↳ bin/rails:9
  [1m[35m (0.6ms)[0m  [1m[34mSELECT "schema_migrations"."version" FROM "schema_migrations" ORDER BY "schema_migrations"."version" ASC[0m
  ↳ bin/rails:9
  [1m[35m (0.7ms)[0m  [1m[34mSELECT "schema_migrations"."version" FROM "schema_migrations" ORDER BY "schema_migrations"."version" ASC[0m
  ↳ bin/rails:9
Started GET "/" for ::1 at 2020-05-20 05:30:06 +0300
  [1m[35m (0.7ms)[0m  [1m[34mSELECT "schema_migrations"."version" FROM "schema_migrations" ORDER BY "schema_migrations"."version" ASC[0m
  ↳ /Users/ANDRIA/.rvm/gems/ruby-2.5.1/gems/activerecord-5.2.4.1/lib/active_record/log_subscriber.rb:98
Processing by Rails::WelcomeController#index as HTML
  Rendering /Users/ANDRIA/.rvm/gems/ruby-2.5.1/gems/railties-5.2.4.1/lib/rails/templates/rails/welcome/index.html.erb
  Rendered /Users/ANDRIA/.rvm/gems/ruby-2.5.1/gems/railties-5.2.4.1/lib/rails/templates/rails/welcome/index.html.erb (3.2ms)
Completed 200 OK in 18ms (Views: 9.6ms | ActiveRecord: 0.0ms)


Started GET "/static/index" for ::1 at 2020-05-20 05:30:39 +0300
Processing by StaticController#index as HTML
  Rendering static/index.html.erb within layouts/application
  Rendered static/index.html.erb within layouts/application (0.5ms)
Completed 200 OK in 983ms (Views: 977.8ms | ActiveRecord: 0.0ms)


Started GET "/static/element" for ::1 at 2020-05-20 05:30:54 +0300
Processing by StaticController#element as HTML
  Rendering static/element.html.erb within layouts/application
  Rendered static/element.html.erb within layouts/application (0.7ms)
Completed 200 OK in 38ms (Views: 30.6ms | ActiveRecord: 0.0ms)


Started GET "/static/ressource" for ::1 at 2020-05-20 05:30:55 +0300
Processing by StaticController#ressource as HTML
  Rendering static/ressource.html.erb within layouts/application
  Rendered static/ressource.html.erb within layouts/application (0.4ms)
Completed 200 OK in 44ms (Views: 38.3ms | ActiveRecord: 0.0ms)


Started GET "/static/comment" for ::1 at 2020-05-20 05:30:56 +0300
Processing by StaticController#comment as HTML
  Rendering static/comment.html.erb within layouts/application
  Rendered static/comment.html.erb within layouts/application (4.8ms)
Completed 200 OK in 44ms (Views: 36.6ms | ActiveRecord: 0.0ms)


Started GET "/static/banniere" for ::1 at 2020-05-20 05:31:04 +0300
Processing by StaticController#banniere as HTML
  Rendering static/banniere.html.erb within layouts/application
  Rendered static/banniere.html.erb within layouts/application (0.5ms)
Completed 200 OK in 41ms (Views: 33.4ms | ActiveRecord: 0.0ms)


Started GET "/static/form" for ::1 at 2020-05-20 05:31:09 +0300
Processing by StaticController#form as HTML
  Rendering static/form.html.erb within layouts/application
  Rendered static/form.html.erb within layouts/application (0.4ms)
Completed 200 OK in 36ms (Views: 28.4ms | ActiveRecord: 0.0ms)


Started GET "/static/footer" for ::1 at 2020-05-20 05:31:11 +0300
Processing by StaticController#footer as HTML
  Rendering static/footer.html.erb within layouts/application
  Rendered static/footer.html.erb within layouts/application (0.4ms)
Completed 200 OK in 33ms (Views: 26.1ms | ActiveRecord: 0.0ms)


Started GET "/static/navbar" for ::1 at 2020-05-20 05:31:15 +0300
Processing by StaticController#navbar as HTML
  Rendering static/navbar.html.erb within layouts/application
  Rendered static/navbar.html.erb within layouts/application (0.8ms)
Completed 200 OK in 39ms (Views: 32.3ms | ActiveRecord: 0.0ms)


Started GET "/static/ressource" for ::1 at 2020-05-20 05:31:42 +0300
Processing by StaticController#ressource as HTML
  Rendering static/ressource.html.erb within layouts/application
  Rendered static/ressource.html.erb within layouts/application (0.5ms)
Completed 200 OK in 50ms (Views: 41.9ms | ActiveRecord: 0.0ms)


Started GET "/static/ressource" for ::1 at 2020-05-20 05:54:16 +0300
  [1m[35m (43.2ms)[0m  [1m[34mSELECT "schema_migrations"."version" FROM "schema_migrations" ORDER BY "schema_migrations"."version" ASC[0m
  ↳ /Users/ANDRIA/.rvm/gems/ruby-2.5.1/gems/activerecord-5.2.4.1/lib/active_record/log_subscriber.rb:98
Processing by StaticController#ressource as HTML
  Rendering static/ressource.html.erb within layouts/application
  Rendered static/ressource.html.erb within layouts/application (3.9ms)
Completed 200 OK in 684ms (Views: 670.2ms | ActiveRecord: 0.0ms)


Started GET "/static/index" for ::1 at 2020-05-20 05:54:19 +0300
Processing by StaticController#index as HTML
  Rendering static/index.html.erb within layouts/application
  Rendered static/index.html.erb within layouts/application (0.5ms)
Completed 200 OK in 54ms (Views: 48.5ms | ActiveRecord: 0.0ms)


Started GET "/static/organism" for ::1 at 2020-05-20 05:54:22 +0300
Processing by StaticController#organism as HTML
  Rendering static/organism.html.erb within layouts/application
  Rendered static/organism.html.erb within layouts/application (0.5ms)
Completed 200 OK in 36ms (Views: 32.1ms | ActiveRecord: 0.0ms)


Started GET "/static/element" for ::1 at 2020-05-20 05:54:24 +0300
Processing by StaticController#element as HTML
  Rendering static/element.html.erb within layouts/application
  Rendered static/element.html.erb within layouts/application (0.4ms)
Completed 200 OK in 40ms (Views: 33.0ms | ActiveRecord: 0.0ms)


Started GET "/static/ressource" for ::1 at 2020-05-20 05:54:25 +0300
Processing by StaticController#ressource as HTML
  Rendering static/ressource.html.erb within layouts/application
  Rendered static/ressource.html.erb within layouts/application (0.3ms)
Completed 200 OK in 50ms (Views: 46.0ms | ActiveRecord: 0.0ms)


Started GET "/static/comment" for ::1 at 2020-05-20 05:54:27 +0300
Processing by StaticController#comment as HTML
  Rendering static/comment.html.erb within layouts/application
  Rendered static/comment.html.erb within layouts/application (4.7ms)
Completed 200 OK in 48ms (Views: 40.8ms | ActiveRecord: 0.0ms)


Started GET "/static/comment" for ::1 at 2020-05-20 06:09:58 +0300
  [1m[35m (0.9ms)[0m  [1m[34mSELECT "schema_migrations"."version" FROM "schema_migrations" ORDER BY "schema_migrations"."version" ASC[0m
  ↳ /Users/ANDRIA/.rvm/gems/ruby-2.5.1/gems/activerecord-5.2.4.1/lib/active_record/log_subscriber.rb:98
Processing by StaticController#comment as HTML
  Rendering static/comment.html.erb within layouts/application
  Rendered static/comment.html.erb within layouts/application (472.7ms)
Completed 200 OK in 659ms (Views: 646.3ms | ActiveRecord: 0.0ms)


Started GET "/" for ::1 at 2020-05-20 06:10:07 +0300
Processing by StaticController#index as HTML
  Rendering static/index.html.erb within layouts/application
  Rendered static/index.html.erb within layouts/application (0.5ms)
Completed 200 OK in 113ms (Views: 105.9ms | ActiveRecord: 0.0ms)


Started GET "/" for ::1 at 2020-05-20 06:10:12 +0300
Processing by StaticController#index as HTML
  Rendering static/index.html.erb within layouts/application
  Rendered static/index.html.erb within layouts/application (0.7ms)
Completed 200 OK in 39ms (Views: 34.9ms | ActiveRecord: 0.0ms)


Started GET "/static/navbar" for ::1 at 2020-05-20 06:11:50 +0300
Processing by StaticController#navbar as HTML
  Rendering static/navbar.html.erb within layouts/application
  Rendered static/navbar.html.erb within layouts/application (0.7ms)
Completed 200 OK in 113ms (Views: 104.0ms | ActiveRecord: 0.0ms)


Started GET "/static/card" for ::1 at 2020-05-20 06:13:50 +0300
Processing by StaticController#card as HTML
  Rendering static/card.html.erb within layouts/application
  Rendered static/card.html.erb within layouts/application (54.4ms)
Completed 200 OK in 166ms (Views: 158.5ms | ActiveRecord: 0.0ms)


Started GET "/static/banniere" for ::1 at 2020-05-20 06:13:58 +0300
Processing by StaticController#banniere as HTML
  Rendering static/banniere.html.erb within layouts/application
  Rendered static/banniere.html.erb within layouts/application (1.0ms)
Completed 200 OK in 42ms (Views: 37.7ms | ActiveRecord: 0.0ms)


Started GET "/static/navbar" for ::1 at 2020-05-20 06:14:17 +0300
Processing by StaticController#navbar as HTML
  Rendering static/navbar.html.erb within layouts/application
  Rendered static/navbar.html.erb within layouts/application (0.6ms)
Completed 200 OK in 35ms (Views: 27.1ms | ActiveRecord: 0.0ms)


Started GET "/static/organism" for ::1 at 2020-05-20 06:14:27 +0300
Processing by StaticController#organism as HTML
  Rendering static/organism.html.erb within layouts/application
  Rendered static/organism.html.erb within layouts/application (0.7ms)
Completed 200 OK in 35ms (Views: 29.3ms | ActiveRecord: 0.0ms)


Started GET "/static/organism" for ::1 at 2020-05-20 06:30:22 +0300
  [1m[35m (38.5ms)[0m  [1m[34mSELECT "schema_migrations"."version" FROM "schema_migrations" ORDER BY "schema_migrations"."version" ASC[0m
  ↳ /Users/ANDRIA/.rvm/gems/ruby-2.5.1/gems/activerecord-5.2.4.1/lib/active_record/log_subscriber.rb:98
Processing by StaticController#organism as HTML
  Rendering static/organism.html.erb within layouts/application
  Rendered static/organism.html.erb within layouts/application (4.2ms)
Completed 200 OK in 637ms (Views: 626.0ms | ActiveRecord: 0.0ms)


Started GET "/static/organism" for ::1 at 2020-05-20 06:32:17 +0300
Processing by StaticController#organism as HTML
  Rendering static/organism.html.erb within layouts/application
  Rendered static/organism.html.erb within layouts/application (0.5ms)
Completed 200 OK in 103ms (Views: 98.8ms | ActiveRecord: 0.0ms)


Started GET "/static/banniere" for ::1 at 2020-05-20 06:32:47 +0300
Processing by StaticController#banniere as HTML
  Rendering static/banniere.html.erb within layouts/application
  Rendered static/banniere.html.erb within layouts/application (0.5ms)
Completed 200 OK in 83ms (Views: 76.6ms | ActiveRecord: 0.0ms)


Started GET "/static/organism" for ::1 at 2020-05-20 06:40:03 +0300
Processing by StaticController#organism as HTML
  Rendering static/organism.html.erb within layouts/application
  Rendered static/organism.html.erb within layouts/application (1.2ms)
Completed 200 OK in 58ms (Views: 54.7ms | ActiveRecord: 0.0ms)


Started GET "/static/organism" for ::1 at 2020-05-20 06:43:36 +0300
Processing by StaticController#organism as HTML
  Rendering static/organism.html.erb within layouts/application
  Rendered static/organism.html.erb within layouts/application (1.5ms)
Completed 200 OK in 54ms (Views: 49.6ms | ActiveRecord: 0.0ms)


Started GET "/static/ressource" for ::1 at 2020-05-20 06:53:49 +0300
  [1m[35m (1.4ms)[0m  [1m[34mSELECT "schema_migrations"."version" FROM "schema_migrations" ORDER BY "schema_migrations"."version" ASC[0m
  ↳ /Users/ANDRIA/.rvm/gems/ruby-2.5.1/gems/activerecord-5.2.4.1/lib/active_record/log_subscriber.rb:98
Processing by StaticController#ressource as HTML
  Rendering static/ressource.html.erb within layouts/application
  Rendered static/ressource.html.erb within layouts/application (4.2ms)
Completed 200 OK in 598ms (Views: 586.3ms | ActiveRecord: 0.0ms)


Started GET "/static/navbar" for ::1 at 2020-05-20 06:53:57 +0300
Processing by StaticController#navbar as HTML
  Rendering static/navbar.html.erb within layouts/application
  Rendered static/navbar.html.erb within layouts/application (0.7ms)
Completed 200 OK in 53ms (Views: 45.8ms | ActiveRecord: 0.0ms)


Started GET "/static/form" for ::1 at 2020-05-20 06:54:00 +0300
Processing by StaticController#form as HTML
  Rendering static/form.html.erb within layouts/application
  Rendered static/form.html.erb within layouts/application (0.5ms)
Completed 200 OK in 35ms (Views: 28.6ms | ActiveRecord: 0.0ms)


Started GET "/static/banniere" for ::1 at 2020-05-20 06:54:04 +0300
Processing by StaticController#banniere as HTML
  Rendering static/banniere.html.erb within layouts/application
  Rendered static/banniere.html.erb within layouts/application (0.4ms)
Completed 200 OK in 38ms (Views: 32.7ms | ActiveRecord: 0.0ms)


Started GET "/static/comment" for ::1 at 2020-05-20 06:54:05 +0300
Processing by StaticController#comment as HTML
  Rendering static/comment.html.erb within layouts/application
  Rendered static/comment.html.erb within layouts/application (19.0ms)
Completed 200 OK in 76ms (Views: 65.6ms | ActiveRecord: 0.0ms)


Started GET "/static/ressource" for ::1 at 2020-05-20 06:54:07 +0300
Processing by StaticController#ressource as HTML
  Rendering static/ressource.html.erb within layouts/application
  Rendered static/ressource.html.erb within layouts/application (0.9ms)
Completed 200 OK in 73ms (Views: 69.4ms | ActiveRecord: 0.0ms)


Started GET "/static/element" for ::1 at 2020-05-20 06:54:08 +0300
Processing by StaticController#element as HTML
  Rendering static/element.html.erb within layouts/application
  Rendered static/element.html.erb within layouts/application (0.3ms)
Completed 200 OK in 48ms (Views: 27.1ms | ActiveRecord: 0.0ms)


Started GET "/static/organism" for ::1 at 2020-05-20 06:54:09 +0300
Processing by StaticController#organism as HTML
  Rendering static/organism.html.erb within layouts/application
  Rendered static/organism.html.erb within layouts/application (0.6ms)
Completed 200 OK in 36ms (Views: 31.3ms | ActiveRecord: 0.0ms)


Started GET "/static/footer" for ::1 at 2020-05-20 06:54:18 +0300
Processing by StaticController#footer as HTML
  Rendering static/footer.html.erb within layouts/application
  Rendered static/footer.html.erb within layouts/application (0.6ms)
Completed 200 OK in 40ms (Views: 32.4ms | ActiveRecord: 0.0ms)


Started GET "/static/ressource" for ::1 at 2020-05-20 06:56:02 +0300
Processing by StaticController#ressource as HTML
  Rendering static/ressource.html.erb within layouts/application
  Rendered static/ressource.html.erb within layouts/application (0.5ms)
Completed 200 OK in 72ms (Views: 68.1ms | ActiveRecord: 0.0ms)


Started GET "/static/card" for ::1 at 2020-05-20 06:56:17 +0300
Processing by StaticController#card as HTML
  Rendering static/card.html.erb within layouts/application
  Rendered static/card.html.erb within layouts/application (6.8ms)
Completed 200 OK in 41ms (Views: 37.8ms | ActiveRecord: 0.0ms)


Started GET "/static/comment" for ::1 at 2020-05-20 06:56:26 +0300
Processing by StaticController#comment as HTML
  Rendering static/comment.html.erb within layouts/application
  Rendered static/comment.html.erb within layouts/application (4.0ms)
Completed 200 OK in 55ms (Views: 47.8ms | ActiveRecord: 0.0ms)


Started GET "/static/banniere" for ::1 at 2020-05-20 06:56:27 +0300
Processing by StaticController#banniere as HTML
  Rendering static/banniere.html.erb within layouts/application
  Rendered static/banniere.html.erb within layouts/application (0.6ms)
Completed 200 OK in 61ms (Views: 54.9ms | ActiveRecord: 0.0ms)


Started GET "/static/ressource" for ::1 at 2020-05-20 06:58:04 +0300
Processing by StaticController#ressource as HTML
  Rendering static/ressource.html.erb within layouts/application
  Rendered static/ressource.html.erb within layouts/application (0.5ms)
Completed 200 OK in 102ms (Views: 97.7ms | ActiveRecord: 0.0ms)


Started GET "/static/card" for ::1 at 2020-05-20 06:58:10 +0300
Processing by StaticController#card as HTML
  Rendering static/card.html.erb within layouts/application
  Rendered static/card.html.erb within layouts/application (24.0ms)
Completed 200 OK in 65ms (Views: 57.9ms | ActiveRecord: 0.0ms)


Started GET "/static/ressource" for ::1 at 2020-05-20 06:59:51 +0300
Processing by StaticController#ressource as HTML
  Rendering static/ressource.html.erb within layouts/application
  Rendered static/ressource.html.erb within layouts/application (5.1ms)
Completed 200 OK in 87ms (Views: 82.4ms | ActiveRecord: 0.0ms)


Started GET "/static/card" for ::1 at 2020-05-20 07:00:12 +0300
Processing by StaticController#card as HTML
  Rendering static/card.html.erb within layouts/application
  Rendered static/card.html.erb within layouts/application (20.2ms)
Completed 200 OK in 55ms (Views: 47.4ms | ActiveRecord: 0.0ms)


Started GET "/static/ressource" for ::1 at 2020-05-20 07:02:03 +0300
Processing by StaticController#ressource as HTML
  Rendering static/ressource.html.erb within layouts/application
  Rendered static/ressource.html.erb within layouts/application (20.7ms)
Completed 200 OK in 124ms (Views: 118.2ms | ActiveRecord: 0.0ms)


Started GET "/static/ressource" for ::1 at 2020-05-20 07:03:38 +0300
Processing by StaticController#ressource as HTML
  Rendering static/ressource.html.erb within layouts/application
  Rendered static/ressource.html.erb within layouts/application (11.7ms)
Completed 200 OK in 79ms (Views: 75.1ms | ActiveRecord: 0.0ms)


Started GET "/static/comment" for ::1 at 2020-05-20 07:04:56 +0300
Processing by StaticController#comment as HTML
  Rendering static/comment.html.erb within layouts/application
  Rendered static/comment.html.erb within layouts/application (5.0ms)
Completed 200 OK in 45ms (Views: 39.5ms | ActiveRecord: 0.0ms)


Started GET "/static/card" for ::1 at 2020-05-20 07:04:57 +0300
Processing by StaticController#card as HTML
  Rendering static/card.html.erb within layouts/application
  Rendered static/card.html.erb within layouts/application (4.9ms)
Completed 200 OK in 45ms (Views: 41.0ms | ActiveRecord: 0.0ms)


Started GET "/static/element" for ::1 at 2020-05-20 07:04:58 +0300
Processing by StaticController#element as HTML
  Rendering static/element.html.erb within layouts/application
  Rendered static/element.html.erb within layouts/application (0.6ms)
Completed 200 OK in 57ms (Views: 51.2ms | ActiveRecord: 0.0ms)


Started GET "/static/element" for ::1 at 2020-05-20 07:07:13 +0300
Processing by StaticController#element as HTML
  Rendering static/element.html.erb within layouts/application
  Rendered static/element.html.erb within layouts/application (16.0ms)
Completed 200 OK in 108ms (Views: 103.4ms | ActiveRecord: 0.0ms)


